<?xml version="1.0" encoding="UTF-8" standalone="no"?>
<!DOCTYPE log SYSTEM "logger.dtd">
<log>
<record>
  <date>2020-11-17T10:55:04.892-0300</date>
  <logger>CAETANO BEZERRA CAVALCANTI ALBUQUERQUE</logger>
  <level>FINE</level>
  <message>File 119110355-CAETANO BEZERRA CAVALCANTI ALBUQUERQUE.zip was received. It was sent by CAETANO BEZERRA CAVALCANTI ALBUQUERQUE from IP 192.168.0.106 at 17-11-2020 10*55*04</message>
</record>
</log>
<?xml version="1.0" encoding="UTF-8" standalone="no"?>
<!DOCTYPE log SYSTEM "logger.dtd">
<log>
<record>
  <date>2020-11-17T10:55:28.717-0300</date>
  <logger>CAETANO BEZERRA CAVALCANTI ALBUQUERQUE</logger>
  <level>FINE</level>
  <message>File 119110355-CAETANO BEZERRA CAVALCANTI ALBUQUERQUE.zip was received. It was sent by CAETANO BEZERRA CAVALCANTI ALBUQUERQUE from IP 192.168.0.106 at 17-11-2020 10*55*28</message>
</record>
</log>
<?xml version="1.0" encoding="UTF-8" standalone="no"?>
<!DOCTYPE log SYSTEM "logger.dtd">
<log>
<record>
  <date>2020-11-20T15:35:32.997-0300</date>
  <logger>CAETANO BEZERRA CAVALCANTI ALBUQUERQUE</logger>
  <level>FINE</level>
  <message>File 119110355-CAETANO BEZERRA CAVALCANTI ALBUQUERQUE.zip was received. It was sent by CAETANO BEZERRA CAVALCANTI ALBUQUERQUE from IP 192.168.0.106 at 20-11-2020 15*35*32</message>
</record>
</log>
<?xml version="1.0" encoding="UTF-8" standalone="no"?>
<!DOCTYPE log SYSTEM "logger.dtd">
<log>
<record>
  <date>2020-11-20T22:57:49.203-0300</date>
  <logger>CAETANO BEZERRA CAVALCANTI ALBUQUERQUE</logger>
  <level>FINE</level>
  <message>File 119110355-CAETANO BEZERRA CAVALCANTI ALBUQUERQUE.zip was received. It was sent by CAETANO BEZERRA CAVALCANTI ALBUQUERQUE from IP 192.168.0.106 at 20-11-2020 22*57*49</message>
</record>
</log>
<?xml version="1.0" encoding="UTF-8" standalone="no"?>
<!DOCTYPE log SYSTEM "logger.dtd">
<log>
<record>
  <date>2020-11-22T02:51:43.011-0300</date>
  <logger>CAETANO BEZERRA CAVALCANTI ALBUQUERQUE</logger>
  <level>FINE</level>
  <message>File 119110355-CAETANO BEZERRA CAVALCANTI ALBUQUERQUE.zip was received. It was sent by CAETANO BEZERRA CAVALCANTI ALBUQUERQUE from IP 192.168.0.106 at 22-11-2020 02*51*42</message>
</record>
</log>
<?xml version="1.0" encoding="UTF-8" standalone="no"?>
<!DOCTYPE log SYSTEM "logger.dtd">
<log>
<record>
  <date>2020-11-22T17:09:36.923-0300</date>
  <logger>CAETANO BEZERRA CAVALCANTI ALBUQUERQUE</logger>
  <level>FINE</level>
  <message>File 119110355-CAETANO BEZERRA CAVALCANTI ALBUQUERQUE.zip was received. It was sent by CAETANO BEZERRA CAVALCANTI ALBUQUERQUE from IP 192.168.0.106 at 22-11-2020 17*09*36</message>
</record>
