<?xml version="1.0" encoding="UTF-8" standalone="no"?>
<!DOCTYPE log SYSTEM "logger.dtd">
<log>
<record>
  <date>2020-09-30T16:48:40.134-0300</date>
  <logger>CAETANO BEZERRA CAVALCANTI ALBUQUERQUE</logger>
  <level>FINE</level>
  <message>File 119110355-CAETANO BEZERRA CAVALCANTI ALBUQUERQUE.zip was received. It was sent by CAETANO BEZERRA CAVALCANTI ALBUQUERQUE from IP 192.168.0.108 at 30-09-2020 16*48*40</message>
</record>
</log>
<?xml version="1.0" encoding="UTF-8" standalone="no"?>
<!DOCTYPE log SYSTEM "logger.dtd">
<log>
<record>
  <date>2020-09-30T19:19:23.469-0300</date>
  <logger>CAETANO BEZERRA CAVALCANTI ALBUQUERQUE</logger>
  <level>FINE</level>
  <message>File 119110355-CAETANO BEZERRA CAVALCANTI ALBUQUERQUE.zip was received. It was sent by CAETANO BEZERRA CAVALCANTI ALBUQUERQUE from IP 192.168.0.108 at 30-09-2020 19*19*23</message>
</record>
</log>
<?xml version="1.0" encoding="UTF-8" standalone="no"?>
<!DOCTYPE log SYSTEM "logger.dtd">
<log>
<record>
  <date>2020-10-03T21:55:51.998-0300</date>
  <logger>CAETANO BEZERRA CAVALCANTI ALBUQUERQUE</logger>
  <level>FINE</level>
  <message>File 119110355-CAETANO BEZERRA CAVALCANTI ALBUQUERQUE.zip was received. It was sent by CAETANO BEZERRA CAVALCANTI ALBUQUERQUE from IP 192.168.0.108 at 03-10-2020 21*55*51</message>
</record>
</log>
<?xml version="1.0" encoding="UTF-8" standalone="no"?>
<!DOCTYPE log SYSTEM "logger.dtd">
<log>
<record>
  <date>2020-10-03T22:43:54.110-0300</date>
  <logger>CAETANO BEZERRA CAVALCANTI ALBUQUERQUE</logger>
  <level>FINE</level>
  <message>File 119110355-CAETANO BEZERRA CAVALCANTI ALBUQUERQUE.zip was received. It was sent by CAETANO BEZERRA CAVALCANTI ALBUQUERQUE from IP 192.168.0.108 at 03-10-2020 22*43*54</message>
</record>
</log>
<?xml version="1.0" encoding="UTF-8" standalone="no"?>
<!DOCTYPE log SYSTEM "logger.dtd">
<log>
<record>
  <date>2020-10-03T23:52:42.757-0300</date>
  <logger>CAETANO BEZERRA CAVALCANTI ALBUQUERQUE</logger>
  <level>FINE</level>
  <message>File 119110355-CAETANO BEZERRA CAVALCANTI ALBUQUERQUE.zip was received. It was sent by CAETANO BEZERRA CAVALCANTI ALBUQUERQUE from IP 192.168.0.108 at 03-10-2020 23*52*42</message>
</record>
</log>
<?xml version="1.0" encoding="UTF-8" standalone="no"?>
<!DOCTYPE log SYSTEM "logger.dtd">
<log>
<record>
  <date>2020-10-03T23:53:09.886-0300</date>
  <logger>CAETANO BEZERRA CAVALCANTI ALBUQUERQUE</logger>
  <level>FINE</level>
  <message>File 119110355-CAETANO BEZERRA CAVALCANTI ALBUQUERQUE.zip was received. It was sent by CAETANO BEZERRA CAVALCANTI ALBUQUERQUE from IP 192.168.0.108 at 03-10-2020 23*53*09</message>
</record>
</log>
<?xml version="1.0" encoding="UTF-8" standalone="no"?>
<!DOCTYPE log SYSTEM "logger.dtd">
<log>
<record>
  <date>2020-10-04T11:38:35.029-0300</date>
  <logger>CAETANO BEZERRA CAVALCANTI ALBUQUERQUE</logger>
  <level>FINE</level>
  <message>File 119110355-CAETANO BEZERRA CAVALCANTI ALBUQUERQUE.zip was received. It was sent by CAETANO BEZERRA CAVALCANTI ALBUQUERQUE from IP 192.168.0.108 at 04-10-2020 11*38*35</message>
</record>
</log>
<?xml version="1.0" encoding="UTF-8" standalone="no"?>
<!DOCTYPE log SYSTEM "logger.dtd">
<log>
<record>
  <date>2020-10-04T22:49:57.722-0300</date>
  <logger>CAETANO BEZERRA CAVALCANTI ALBUQUERQUE</logger>
  <level>FINE</level>
  <message>File 119110355-CAETANO BEZERRA CAVALCANTI ALBUQUERQUE.zip was received. It was sent by CAETANO BEZERRA CAVALCANTI ALBUQUERQUE from IP 192.168.0.108 at 04-10-2020 22*49*57</message>
</record>
