<?xml version="1.0" encoding="UTF-8" standalone="no"?>
<!DOCTYPE log SYSTEM "logger.dtd">
<log>
<record>
  <date>2020-11-11T19:49:34.697-0300</date>
  <logger>CAETANO BEZERRA CAVALCANTI ALBUQUERQUE</logger>
  <level>FINE</level>
  <message>File 119110355-CAETANO BEZERRA CAVALCANTI ALBUQUERQUE.zip was received. It was sent by CAETANO BEZERRA CAVALCANTI ALBUQUERQUE from IP 192.168.0.106 at 11-11-2020 19*49*34</message>
</record>
</log>
<?xml version="1.0" encoding="UTF-8" standalone="no"?>
<!DOCTYPE log SYSTEM "logger.dtd">
<log>
<record>
  <date>2020-11-11T19:49:35.631-0300</date>
  <logger>CAETANO BEZERRA CAVALCANTI ALBUQUERQUE</logger>
  <level>FINE</level>
  <message>File 119110355-CAETANO BEZERRA CAVALCANTI ALBUQUERQUE.zip was received. It was sent by CAETANO BEZERRA CAVALCANTI ALBUQUERQUE from IP 192.168.0.106 at 11-11-2020 19*49*35</message>
</record>
</log>
<?xml version="1.0" encoding="UTF-8" standalone="no"?>
<!DOCTYPE log SYSTEM "logger.dtd">
<log>
<record>
  <date>2020-11-12T23:34:51.806-0300</date>
  <logger>CAETANO BEZERRA CAVALCANTI ALBUQUERQUE</logger>
  <level>FINE</level>
  <message>File 119110355-CAETANO BEZERRA CAVALCANTI ALBUQUERQUE.zip was received. It was sent by CAETANO BEZERRA CAVALCANTI ALBUQUERQUE from IP 192.168.0.106 at 12-11-2020 23*34*51</message>
</record>
</log>
<?xml version="1.0" encoding="UTF-8" standalone="no"?>
<!DOCTYPE log SYSTEM "logger.dtd">
<log>
<record>
  <date>2020-11-13T16:19:33.003-0300</date>
  <logger>CAETANO BEZERRA CAVALCANTI ALBUQUERQUE</logger>
  <level>FINE</level>
  <message>File 119110355-CAETANO BEZERRA CAVALCANTI ALBUQUERQUE.zip was received. It was sent by CAETANO BEZERRA CAVALCANTI ALBUQUERQUE from IP 192.168.0.106 at 13-11-2020 16*19*32</message>
</record>
</log>
<?xml version="1.0" encoding="UTF-8" standalone="no"?>
<!DOCTYPE log SYSTEM "logger.dtd">
<log>
<record>
  <date>2020-11-13T16:25:02.024-0300</date>
  <logger>CAETANO BEZERRA CAVALCANTI ALBUQUERQUE</logger>
  <level>FINE</level>
  <message>File 119110355-CAETANO BEZERRA CAVALCANTI ALBUQUERQUE.zip was received. It was sent by CAETANO BEZERRA CAVALCANTI ALBUQUERQUE from IP 192.168.0.106 at 13-11-2020 16*25*02</message>
</record>
