<?xml version="1.0" encoding="UTF-8" standalone="no"?>
<!DOCTYPE log SYSTEM "logger.dtd">
<log>
<record>
  <date>2020-10-27T23:56:27.134-0300</date>
  <logger>CAETANO BEZERRA CAVALCANTI ALBUQUERQUE</logger>
  <level>FINE</level>
  <message>File 119110355-CAETANO BEZERRA CAVALCANTI ALBUQUERQUE.zip was received. It was sent by CAETANO BEZERRA CAVALCANTI ALBUQUERQUE from IP 192.168.43.181 at 27-10-2020 23*56*27</message>
</record>
</log>
<?xml version="1.0" encoding="UTF-8" standalone="no"?>
<!DOCTYPE log SYSTEM "logger.dtd">
<log>
<record>
  <date>2020-10-31T17:14:38.651-0300</date>
  <logger>CAETANO BEZERRA CAVALCANTI ALBUQUERQUE</logger>
  <level>FINE</level>
  <message>File 119110355-CAETANO BEZERRA CAVALCANTI ALBUQUERQUE.zip was received. It was sent by CAETANO BEZERRA CAVALCANTI ALBUQUERQUE from IP 192.168.0.106 at 31-10-2020 17*14*38</message>
</record>
</log>
<?xml version="1.0" encoding="UTF-8" standalone="no"?>
<!DOCTYPE log SYSTEM "logger.dtd">
<log>
<record>
  <date>2020-10-31T18:56:51.040-0300</date>
  <logger>CAETANO BEZERRA CAVALCANTI ALBUQUERQUE</logger>
  <level>FINE</level>
  <message>File 119110355-CAETANO BEZERRA CAVALCANTI ALBUQUERQUE.zip was received. It was sent by CAETANO BEZERRA CAVALCANTI ALBUQUERQUE from IP 192.168.0.106 at 31-10-2020 18*56*51</message>
</record>
</log>
<?xml version="1.0" encoding="UTF-8" standalone="no"?>
<!DOCTYPE log SYSTEM "logger.dtd">
<log>
<record>
  <date>2020-10-31T19:09:20.885-0300</date>
  <logger>CAETANO BEZERRA CAVALCANTI ALBUQUERQUE</logger>
  <level>FINE</level>
  <message>File 119110355-CAETANO BEZERRA CAVALCANTI ALBUQUERQUE.zip was received. It was sent by CAETANO BEZERRA CAVALCANTI ALBUQUERQUE from IP 192.168.0.106 at 31-10-2020 19*09*20</message>
</record>
